<?xml version="1.0" encoding="UTF-8"?>
<!-- Generated by org.testng.reporters.JUnitXMLReporter -->
<testsuite ignored="0" hostname="LAPTOP-077COGF2" failures="1" tests="1" name="E2E Test" time="20.302" errors="0" timestamp="2023-03-26T19:07:31 BST">
  <testcase classname="com.Testcases.TC_001_E2EInteractive" name="Test1" time="13.797">
    <failure type="org.openqa.selenium.support.ui.UnexpectedTagNameException" message="Element should have been &amp;quot;select&amp;quot; but was &amp;quot;span&amp;quot;
Build info: version: &amp;apos;4.8.1&amp;apos;, revision: &amp;apos;8ebccac989&amp;apos;
System info: os.name: &amp;apos;Windows 10&amp;apos;, os.arch: &amp;apos;amd64&amp;apos;, os.version: &amp;apos;10.0&amp;apos;, java.version: &amp;apos;16.0.1&amp;apos;
Driver info: driver.version: unknown">
      <![CDATA[org.openqa.selenium.support.ui.UnexpectedTagNameException: Element should have been "select" but was "span"
Build info: version: '4.8.1', revision: '8ebccac989'
System info: os.name: 'Windows 10', os.arch: 'amd64', os.version: '10.0', java.version: '16.0.1'
Driver info: driver.version: unknown
at org.openqa.selenium.support.ui.Select.<init>(Select.java:49)
at com.pageobjects.HomePage.ItirateServ(HomePage.java:45)
at com.Testcases.TC_001_E2EInteractive.Test1(TC_001_E2EInteractive.java:32)
at java.base/java.util.ArrayList.forEach(ArrayList.java:1511)
... Removed 27 stack frames]]>
    </failure>
  </testcase> <!-- Test1 -->
</testsuite> <!-- E2E Test -->
