<?xml version="1.0" encoding="UTF-8"?>
<testng-results ignored="0" total="1" passed="1" failed="0" skipped="0">
  <reporter-output>
  </reporter-output>
  <suite started-at="2023-03-27T19:44:12 BST" name="Suite" finished-at="2023-03-27T19:44:32 BST" duration-ms="19558">
    <groups>
    </groups>
    <test started-at="2023-03-27T19:44:12 BST" name="E2E Test" finished-at="2023-03-27T19:44:32 BST" duration-ms="19558">
      <class name="com.Testcases.TC_001_E2EInteractive">
        <test-method is-config="true" signature="setup(java.lang.String)[pri:0, instance:com.Testcases.TC_001_E2EInteractive@5542c4ed]" started-at="2023-03-27T19:44:13 BST" name="setup" finished-at="2023-03-27T19:44:24 BST" duration-ms="10633" status="PASS">
          <params>
            <param index="0">
              <value>
                <![CDATA[chrome]]>
              </value>
            </param>
          </params>
          <reporter-output>
          </reporter-output>
        </test-method> <!-- setup -->
        <test-method signature="Test1()[pri:0, instance:com.Testcases.TC_001_E2EInteractive@5542c4ed]" started-at="2023-03-27T19:44:24 BST" name="Test1" finished-at="2023-03-27T19:44:31 BST" duration-ms="6972" status="PASS">
          <reporter-output>
          </reporter-output>
        </test-method> <!-- Test1 -->
        <test-method is-config="true" signature="tearDown()[pri:0, instance:com.Testcases.TC_001_E2EInteractive@5542c4ed]" started-at="2023-03-27T19:44:31 BST" name="tearDown" finished-at="2023-03-27T19:44:32 BST" duration-ms="1163" status="PASS">
          <reporter-output>
          </reporter-output>
        </test-method> <!-- tearDown -->
      </class> <!-- com.Testcases.TC_001_E2EInteractive -->
    </test> <!-- E2E Test -->
  </suite> <!-- Suite -->
</testng-results>
